[2024-12-05 02:00:08] Logger initialized. Writing to SystemLog_2024.12.05 - 2.00 AM.log
[2024-12-05 02:00:09] Welcome to the Real-Time Ticketing System!
[2024-12-05 02:00:26] User input configuration: Total Tickets=10, Release Rate=5, Release Interval=500ms, Retrieval Interval=500ms.
[2024-12-05 02:00:26] Configuration saved to config.json successfully.
[2024-12-05 02:00:26] Configuration successfully set and saved to JSON.
[2024-12-05 02:00:41] Starting the system with the provided configuration.
[2024-12-05 02:00:41] Vendor and Customer threads started.
[2024-12-05 02:00:41] Ticket added: Ticket-1 (Pool size: 1)
[2024-12-05 02:00:41] Ticket added: Ticket-2 (Pool size: 2)
[2024-12-05 02:00:41] Ticket added: Ticket-3 (Pool size: 3)
[2024-12-05 02:00:41] Ticket added: Ticket-4 (Pool size: 4)
[2024-12-05 02:00:41] Ticket added: Ticket-5 (Pool size: 5)
[2024-12-05 02:00:41] Ticket removed: Ticket-1 (Pool size: 4)
[2024-12-05 02:00:41] Customer purchased: Ticket-1
[2024-12-05 02:00:42] Ticket removed: Ticket-2 (Pool size: 3)
[2024-12-05 02:00:42] Customer purchased: Ticket-2
[2024-12-05 02:00:42] Ticket added: Ticket-6 (Pool size: 4)
[2024-12-05 02:00:42] Ticket added: Ticket-7 (Pool size: 5)
[2024-12-05 02:00:42] Ticket added: Ticket-8 (Pool size: 6)
[2024-12-05 02:00:42] Ticket added: Ticket-9 (Pool size: 7)
[2024-12-05 02:00:42] Ticket added: Ticket-10 (Pool size: 8)
[2024-12-05 02:00:42] Ticket removed: Ticket-3 (Pool size: 7)
[2024-12-05 02:00:42] Customer purchased: Ticket-3
[2024-12-05 02:00:43] Ticket removed: Ticket-4 (Pool size: 6)
[2024-12-05 02:00:43] Customer purchased: Ticket-4
[2024-12-05 02:00:43] Ticket removed: Ticket-5 (Pool size: 5)
[2024-12-05 02:00:43] Customer purchased: Ticket-5
[2024-12-05 02:00:44] Ticket removed: Ticket-6 (Pool size: 4)
[2024-12-05 02:00:44] Customer purchased: Ticket-6
[2024-12-05 02:00:44] Ticket removed: Ticket-7 (Pool size: 3)
[2024-12-05 02:00:44] Customer purchased: Ticket-7
[2024-12-05 02:00:45] Ticket removed: Ticket-8 (Pool size: 2)
[2024-12-05 02:00:45] Customer purchased: Ticket-8
[2024-12-05 02:00:45] Ticket removed: Ticket-9 (Pool size: 1)
[2024-12-05 02:00:45] Customer purchased: Ticket-9
[2024-12-05 02:00:46] Ticket removed: Ticket-10 (Pool size: 0)
[2024-12-05 02:00:46] Customer purchased: Ticket-10
[2024-12-05 02:00:48] System terminated.
[2024-12-05 02:00:48] Customer interrupted.
[2024-12-05 02:00:48] Logger closed.
