[2024-12-05 02:14:45] Logger initialized. Writing to SystemLog_2024.12.05 - 2.14 AM.log
[2024-12-05 02:14:45] Welcome to the Real-Time Ticketing System!
[2024-12-05 02:14:58] User input configuration: Total Tickets=10, Release Rate=2, Release Interval=500ms, Retrieval Interval=501ms.
[2024-12-05 02:14:58] Configuration saved to config.json successfully.
[2024-12-05 02:14:58] Configuration successfully set and saved to JSON.
[2024-12-05 02:15:07] Starting the system with the provided configuration.
[2024-12-05 02:15:07] Vendor and Customer threads started.
[2024-12-05 02:15:07] Ticket added: Ticket-1 (Pool size: 1)
[2024-12-05 02:15:07] Ticket added: Ticket-2 (Pool size: 2)
[2024-12-05 02:15:07] Ticket removed: Ticket-1 (Pool size: 1)
[2024-12-05 02:15:07] Customer purchased: Ticket-1
[2024-12-05 02:15:07] Ticket removed: Ticket-2 (Pool size: 0)
[2024-12-05 02:15:07] Customer purchased: Ticket-2
[2024-12-05 02:15:07] Ticket added: Ticket-3 (Pool size: 1)
[2024-12-05 02:15:07] Ticket added: Ticket-4 (Pool size: 2)
[2024-12-05 02:15:08] Ticket removed: Ticket-3 (Pool size: 1)
[2024-12-05 02:15:08] Customer purchased: Ticket-3
[2024-12-05 02:15:08] Ticket added: Ticket-5 (Pool size: 2)
[2024-12-05 02:15:08] Ticket added: Ticket-6 (Pool size: 3)
[2024-12-05 02:15:08] Ticket removed: Ticket-4 (Pool size: 2)
[2024-12-05 02:15:08] Customer purchased: Ticket-4
[2024-12-05 02:15:08] Ticket added: Ticket-7 (Pool size: 3)
[2024-12-05 02:15:08] Ticket added: Ticket-8 (Pool size: 4)
[2024-12-05 02:15:09] Ticket removed: Ticket-5 (Pool size: 3)
[2024-12-05 02:15:09] Customer purchased: Ticket-5
[2024-12-05 02:15:09] Ticket added: Ticket-9 (Pool size: 4)
[2024-12-05 02:15:09] Ticket added: Ticket-10 (Pool size: 5)
[2024-12-05 02:15:09] Ticket removed: Ticket-6 (Pool size: 4)
[2024-12-05 02:15:09] Customer purchased: Ticket-6
[2024-12-05 02:15:10] Ticket removed: Ticket-7 (Pool size: 3)
[2024-12-05 02:15:10] Customer purchased: Ticket-7
[2024-12-05 02:15:10] Ticket removed: Ticket-8 (Pool size: 2)
[2024-12-05 02:15:10] Customer purchased: Ticket-8
[2024-12-05 02:15:11] Ticket removed: Ticket-9 (Pool size: 1)
[2024-12-05 02:15:11] Customer purchased: Ticket-9
[2024-12-05 02:15:11] Ticket removed: Ticket-10 (Pool size: 0)
[2024-12-05 02:15:11] Customer purchased: Ticket-10
[2024-12-05 02:15:14] System terminated.
[2024-12-05 02:15:14] Customer interrupted.
[2024-12-05 02:15:14] Logger closed.
