[2024-12-05 02:12:21] Logger initialized. Writing to SystemLog_2024.12.05 - 2.12 AM.log
[2024-12-05 02:12:21] Welcome to the Real-Time Ticketing System!
[2024-12-05 02:12:32] User input configuration: Total Tickets=10, Release Rate=1, Release Interval=500ms, Retrieval Interval=500ms.
[2024-12-05 02:12:32] Configuration saved to config.json successfully.
[2024-12-05 02:12:32] 
[2024-12-05 02:12:44] Displayed current configuration.
[2024-12-05 02:12:46] Starting the system with the provided configuration.
[2024-12-05 02:12:46] Vendor and Customer threads started.
[2024-12-05 02:12:46] Ticket added: Ticket-1 (Pool size: 1)
[2024-12-05 02:12:46] Ticket removed: Ticket-1 (Pool size: 0)
[2024-12-05 02:12:46] Customer purchased: Ticket-1
[2024-12-05 02:12:47] Ticket added: Ticket-2 (Pool size: 1)
[2024-12-05 02:12:47] Ticket removed: Ticket-2 (Pool size: 0)
[2024-12-05 02:12:47] Customer purchased: Ticket-2
[2024-12-05 02:12:47] Ticket added: Ticket-3 (Pool size: 1)
[2024-12-05 02:12:47] Ticket removed: Ticket-3 (Pool size: 0)
[2024-12-05 02:12:47] Customer purchased: Ticket-3
[2024-12-05 02:12:48] Ticket added: Ticket-4 (Pool size: 1)
[2024-12-05 02:12:48] Ticket removed: Ticket-4 (Pool size: 0)
[2024-12-05 02:12:48] Customer purchased: Ticket-4
[2024-12-05 02:12:48] Ticket added: Ticket-5 (Pool size: 1)
[2024-12-05 02:12:48] Ticket removed: Ticket-5 (Pool size: 0)
[2024-12-05 02:12:48] Customer purchased: Ticket-5
[2024-12-05 02:12:49] Ticket added: Ticket-6 (Pool size: 1)
[2024-12-05 02:12:49] Ticket removed: Ticket-6 (Pool size: 0)
[2024-12-05 02:12:49] Customer purchased: Ticket-6
[2024-12-05 02:12:49] Ticket added: Ticket-7 (Pool size: 1)
[2024-12-05 02:12:49] Ticket removed: Ticket-7 (Pool size: 0)
[2024-12-05 02:12:49] Customer purchased: Ticket-7
[2024-12-05 02:12:50] Ticket added: Ticket-8 (Pool size: 1)
[2024-12-05 02:12:50] Ticket removed: Ticket-8 (Pool size: 0)
[2024-12-05 02:12:50] Customer purchased: Ticket-8
[2024-12-05 02:12:51] Ticket added: Ticket-9 (Pool size: 1)
[2024-12-05 02:12:51] Ticket removed: Ticket-9 (Pool size: 0)
[2024-12-05 02:12:51] Customer purchased: Ticket-9
[2024-12-05 02:12:51] Ticket added: Ticket-10 (Pool size: 1)
[2024-12-05 02:12:51] Ticket removed: Ticket-10 (Pool size: 0)
[2024-12-05 02:12:51] Customer purchased: Ticket-10
[2024-12-05 02:12:55] System terminated.
[2024-12-05 02:12:55] Customer interrupted.
[2024-12-05 02:12:55] Logger closed.
