[2024-12-05 02:20:17] Logger initialized. Writing to SystemLog_2024.12.05 - 2.20 AM.log
[2024-12-05 02:20:17] Welcome to the Real-Time Ticketing System!
[2024-12-05 02:20:33] User input configuration: Total Tickets=12, Release Rate=2, Release Interval=500ms, Retrieval Interval=500ms.
[2024-12-05 02:20:33] Configuration successfully set and saved to JSON.
[2024-12-05 02:20:42] Displayed current configuration.
[2024-12-05 02:20:52] Starting the system with the provided configuration.
[2024-12-05 02:20:52] Vendor and Customer threads started.
[2024-12-05 02:20:52] Ticket added: Ticket-1 (Pool size: 1)
[2024-12-05 02:20:52] Ticket added: Ticket-2 (Pool size: 2)
[2024-12-05 02:20:52] Ticket removed: Ticket-1 (Pool size: 1)
[2024-12-05 02:20:52] Customer purchased: Ticket-1
[2024-12-05 02:20:52] Ticket removed: Ticket-2 (Pool size: 0)
[2024-12-05 02:20:52] Customer purchased: Ticket-2
[2024-12-05 02:20:52] Ticket added: Ticket-3 (Pool size: 1)
[2024-12-05 02:20:52] Ticket added: Ticket-4 (Pool size: 2)
[2024-12-05 02:20:53] Ticket removed: Ticket-3 (Pool size: 1)
[2024-12-05 02:20:53] Customer purchased: Ticket-3
[2024-12-05 02:20:53] Ticket added: Ticket-5 (Pool size: 2)
[2024-12-05 02:20:53] Ticket added: Ticket-6 (Pool size: 3)
[2024-12-05 02:20:53] Ticket added: Ticket-7 (Pool size: 4)
[2024-12-05 02:20:53] Ticket added: Ticket-8 (Pool size: 5)
[2024-12-05 02:20:53] Ticket removed: Ticket-4 (Pool size: 4)
[2024-12-05 02:20:53] Customer purchased: Ticket-4
[2024-12-05 02:20:54] Ticket removed: Ticket-5 (Pool size: 3)
[2024-12-05 02:20:54] Customer purchased: Ticket-5
[2024-12-05 02:20:54] Ticket added: Ticket-9 (Pool size: 4)
[2024-12-05 02:20:54] Ticket added: Ticket-10 (Pool size: 5)
[2024-12-05 02:20:54] Ticket added: Ticket-11 (Pool size: 6)
[2024-12-05 02:20:54] Ticket added: Ticket-12 (Pool size: 7)
[2024-12-05 02:20:54] Ticket removed: Ticket-6 (Pool size: 6)
[2024-12-05 02:20:54] Customer purchased: Ticket-6
[2024-12-05 02:20:55] Ticket removed: Ticket-7 (Pool size: 5)
[2024-12-05 02:20:55] Customer purchased: Ticket-7
[2024-12-05 02:20:55] Ticket removed: Ticket-8 (Pool size: 4)
[2024-12-05 02:20:55] Customer purchased: Ticket-8
[2024-12-05 02:20:56] Ticket removed: Ticket-9 (Pool size: 3)
[2024-12-05 02:20:56] Customer purchased: Ticket-9
[2024-12-05 02:20:56] Ticket removed: Ticket-10 (Pool size: 2)
[2024-12-05 02:20:56] Customer purchased: Ticket-10
[2024-12-05 02:20:57] Ticket removed: Ticket-11 (Pool size: 1)
[2024-12-05 02:20:57] Customer purchased: Ticket-11
[2024-12-05 02:20:57] Ticket removed: Ticket-12 (Pool size: 0)
[2024-12-05 02:20:57] Customer purchased: Ticket-12
[2024-12-05 02:21:01] System terminated.
[2024-12-05 02:21:01] Customer interrupted.
[2024-12-05 02:21:01] Logger closed.
